{
  "RSpec": {
    "coverage": {
      "/Users/coreyfischer/challenges/wcid/app/helpers/application_helper.rb": [
        1,
        null
      ],
      "/Users/coreyfischer/challenges/wcid/app/controllers/api/v1/events_controller.rb": [
        1,
        1,
        1,
        null,
        null
      ],
      "/Users/coreyfischer/challenges/wcid/app/controllers/api_controller.rb": [
        1,
        null,
        null,
        1,
        null
      ],
      "/Users/coreyfischer/challenges/wcid/app/controllers/application_controller.rb": [
        1,
        null,
        null,
        1,
        1,
        null,
        1,
        null,
        1,
        2,
        2,
        null,
        null
      ],
      "/Users/coreyfischer/challenges/wcid/app/models/event.rb": [
        1,
        1,
        1,
        1,
        1,
        1,
        1,
        1,
        null,
        1,
        null,
        1,
        0,
        0,
        null,
        0,
        null,
        null,
        null
      ],
      "/Users/coreyfischer/challenges/wcid/app/controllers/events_controller.rb": [
        1,
        1,
        null,
        1,
        0,
        null,
        null,
        1,
        0,
        0,
        null,
        null,
        1,
        0,
        null,
        null,
        1,
        0,
        0,
        0,
        null,
        0,
        0,
        0,
        null,
        0,
        0,
        null,
        null,
        null,
        1,
        0,
        null,
        null,
        1,
        0,
        0,
        null,
        0,
        0,
        0,
        0,
        null,
        0,
        0,
        null,
        null,
        null,
        1,
        0,
        0,
        null,
        0,
        0,
        null,
        null,
        1,
        null,
        1,
        0,
        null,
        null,
        1,
        1,
        1,
        1,
        null,
        null,
        null,
        null
      ],
      "/Users/coreyfischer/challenges/wcid/app/controllers/homes_controller.rb": [
        1,
        1,
        null,
        null
      ],
      "/Users/coreyfischer/challenges/wcid/app/controllers/abouts_controller.rb": [
        0,
        0,
        0,
        0
      ],
      "/Users/coreyfischer/challenges/wcid/app/controllers/contacts_controller.rb": [
        0,
        0,
        0,
        0
      ],
      "/Users/coreyfischer/challenges/wcid/app/models/application_record.rb": [
        0,
        0,
        0
      ],
      "/Users/coreyfischer/challenges/wcid/app/models/user.rb": [
        0,
        0,
        0,
        0,
        0,
        0,
        0,
        0,
        0,
        0,
        0,
        0,
        0,
        0,
        0,
        0,
        0,
        0,
        0,
        0,
        0,
        0,
        0,
        0,
        0,
        0
      ],
      "/Users/coreyfischer/challenges/wcid/app/uploaders/profile_photo_uploader.rb": [
        0,
        0,
        0,
        0,
        0,
        0,
        0,
        0,
        0,
        0,
        0,
        0,
        0,
        0,
        0,
        0,
        0,
        0,
        0,
        0,
        0,
        0,
        0,
        0,
        0,
        0,
        0,
        0,
        0,
        0,
        0,
        0,
        0,
        0,
        0,
        0,
        0,
        0,
        0,
        0,
        0,
        0,
        0,
        0,
        0,
        0,
        0,
        0,
        0,
        0,
        0,
        0,
        0,
        0,
        0,
        0,
        0,
        0,
        0
      ]
    },
    "timestamp": 1491255513
  }
}
