{
  "RSpec": {
    "coverage": {
      "/Users/coreyfischer/challenges/wcid-app/app/helpers/application_helper.rb": [
        1,
        null
      ],
      "/Users/coreyfischer/challenges/wcid-app/app/controllers/api_controller.rb": [
        0,
        0,
        0,
        0,
        0
      ],
      "/Users/coreyfischer/challenges/wcid-app/app/controllers/application_controller.rb": [
        0,
        0,
        0,
        0,
        0,
        0,
        0,
        0,
        0,
        0,
        0,
        0,
        0
      ],
      "/Users/coreyfischer/challenges/wcid-app/app/controllers/events_controller.rb": [
        0,
        0,
        0,
        0,
        0,
        0,
        0,
        0,
        0,
        0,
        0,
        0,
        0,
        0,
        0,
        0,
        0,
        0,
        0,
        0,
        0,
        0,
        0,
        0,
        0,
        0,
        0,
        0,
        0,
        0,
        0,
        0,
        0,
        0,
        0,
        0,
        0,
        0,
        0,
        0,
        0,
        0,
        0,
        0,
        0,
        0,
        0,
        0,
        0,
        0,
        0,
        0,
        0,
        0,
        0,
        0,
        0,
        0,
        0,
        0,
        0,
        0,
        0,
        0
      ],
      "/Users/coreyfischer/challenges/wcid-app/app/controllers/homes_controller.rb": [
        0,
        0,
        0,
        0
      ],
      "/Users/coreyfischer/challenges/wcid-app/app/models/application_record.rb": [
        0,
        0,
        0
      ],
      "/Users/coreyfischer/challenges/wcid-app/app/models/event.rb": [
        0,
        0,
        0,
        0,
        0,
        0,
        0,
        0,
        0,
        0,
        0,
        0,
        0,
        0,
        0,
        0,
        0,
        0,
        0,
        0
      ],
      "/Users/coreyfischer/challenges/wcid-app/app/models/user.rb": [
        0,
        0,
        0,
        0,
        0,
        0,
        0,
        0,
        0,
        0,
        0,
        0,
        0,
        0,
        0,
        0,
        0,
        0,
        0,
        0,
        0,
        0,
        0,
        0,
        0,
        0
      ]
    },
    "timestamp": 1490282896
  }
}
